<?xml version="1.0" encoding="utf-8"?><testsuites name="pytest tests"><testsuite name="pytest" errors="0" failures="0" skipped="0" tests="5" time="1.270" timestamp="2026-04-27T20:33:59.746342+00:00" hostname="agent-env-c07ca616-0bb4-4468-9ef2-169066a81bc1"><testcase classname="backend.tests.test_appointments" name="test_root" time="0.289" /><testcase classname="backend.tests.test_appointments" name="test_create_appointment_valid" time="0.144" /><testcase classname="backend.tests.test_appointments" name="test_create_appointment_invalid_missing_fields" time="0.168" /><testcase classname="backend.tests.test_appointments" name="test_create_appointment_invalid_short_name" time="0.155" /><testcase classname="backend.tests.test_appointments" name="test_list_appointments" time="0.168" /></testsuite></testsuites>